<?xml version="1.0" encoding="UTF-8"?>
<testsuite name="DonateMovieTest" tests="1" skipped="0" failures="0" errors="0" timestamp="2022-08-23T11:16:44" hostname="Nirviks-MacBook-Pro.local" time="0.008">
  <properties/>
  <testcase name="donateVoid()" classname="DonateMovieTest" time="0.008"/>
  <system-out><![CDATA[]]></system-out>
  <system-err><![CDATA[]]></system-err>
</testsuite>
